<?xml version="1.0" encoding="utf-8"?><testsuites name="pytest tests"><testsuite name="pytest" errors="0" failures="0" skipped="0" tests="59" time="15.916" timestamp="2026-05-15T02:36:31.840082+00:00" hostname="agent-env-3e255b7b-6f5c-49ed-b7c8-66727e96a9b3"><testcase classname="tests.backend_test" name="test_root" time="0.272" /><testcase classname="tests.backend_test" name="test_meta_options" time="0.062" /><testcase classname="tests.backend_test" name="test_me" time="0.054" /><testcase classname="tests.backend_test" name="test_list_projects_contains_created" time="0.114" /><testcase classname="tests.backend_test" name="test_get_project" time="0.057" /><testcase classname="tests.backend_test" name="test_update_project" time="0.053" /><testcase classname="tests.backend_test" name="test_rewrite" time="0.053" /><testcase classname="tests.backend_test" name="test_split_scenes" time="0.058" /><testcase classname="tests.backend_test" name="test_character_crud" time="0.182" /><testcase classname="tests.backend_test" name="test_update_scene" time="0.112" /><testcase classname="tests.backend_test" name="test_create_scene" time="0.105" /><testcase classname="tests.backend_test" name="test_generate_image" time="0.409" /><testcase classname="tests.backend_test" name="test_create_segment_and_expand" time="0.229" /><testcase classname="tests.backend_test" name="test_expand_chain_links_parents" time="0.670" /><testcase classname="tests.backend_test" name="test_cost_estimate" time="0.050" /><testcase classname="tests.backend_test" name="test_cost_estimate_includes_music_and_export" time="0.048" /><testcase classname="tests.backend_test" name="test_meta_options_costs_complete" time="0.048" /><testcase classname="tests.backend_test" name="test_project_cost_estimate" time="0.052" /><testcase classname="tests.backend_test" name="test_export" time="0.170" /><testcase classname="tests.backend_test" name="test_admin_endpoints" time="0.347" /><testcase classname="tests.backend_test" name="test_provider_options" time="0.048" /><testcase classname="tests.backend_test" name="test_provider_settings_get_and_update" time="0.102" /><testcase classname="tests.backend_test" name="test_provider_settings_rejects_unknown_provider" time="0.048" /><testcase classname="tests.backend_test" name="test_provider_test_connection_is_mocked" time="0.082" /><testcase classname="tests.backend_test" name="test_feature_flags_all_false" time="0.048" /><testcase classname="tests.backend_test" name="test_project_creation_has_override_fields" time="0.108" /><testcase classname="tests.backend_test" name="test_get_project_providers_defaults_to_global" time="0.054" /><testcase classname="tests.backend_test" name="test_project_provider_override_round_trip" time="0.153" /><testcase classname="tests.backend_test" name="test_project_provider_rejects_unknown" time="0.049" /><testcase classname="tests.backend_test" name="test_project_provider_test_endpoint_is_mocked" time="0.051" /><testcase classname="tests.backend_test" name="test_existing_routes_still_work_with_override" time="0.600" /><testcase classname="tests.backend_test" name="test_effective_resolution_per_modality" time="0.558" /><testcase classname="tests.backend_test" name="test_voice_resolution_priority" time="0.580" /><testcase classname="tests.backend_test" name="test_character_create_accepts_voice_fields" time="0.112" /><testcase classname="tests.backend_test" name="test_character_voice_provider_validated" time="0.154" /><testcase classname="tests.backend_test" name="test_scene_costs_basic_and_multi_segment" time="0.353" /><testcase classname="tests.backend_test" name="test_scene_costs_matches_spec_example" time="0.000" /><testcase classname="tests.backend_test" name="test_voice_resolution_remains_after_scene_cost_calls" time="0.243" /><testcase classname="tests.backend_test" name="test_scene_costs_grand_total_updates_after_expand" time="0.407" /><testcase classname="tests.backend_test" name="test_scene_costs_404_for_unknown_project" time="0.052" /><testcase classname="tests.backend_test" name="test_studio_config_endpoint" time="0.050" /><testcase classname="tests.backend_test" name="test_scene_costs_includes_wallet_pct_and_state" time="0.270" /><testcase classname="tests.backend_test" name="test_wallet_state_thresholds" time="0.428" /><testcase classname="tests.backend_test" name="test_high_cost_scene_flag_with_configurable_threshold" time="0.682" /><testcase classname="tests.backend_test" name="test_scene_costs_404_still_works_for_wallet" time="0.049" /><testcase classname="tests.backend_test" name="test_list_projects_includes_cost_summary" time="0.256" /><testcase classname="tests.backend_test" name="test_dashboard_summary_handles_insufficient_state" time="1.460" /><testcase classname="tests.backend_test" name="test_trend_increase_on_expand" time="0.770" /><testcase classname="tests.backend_test" name="test_trend_decrease_on_segment_delete" time="0.422" /><testcase classname="tests.backend_test" name="test_trend_decrease_on_scene_delete" time="0.422" /><testcase classname="tests.backend_test" name="test_dashboard_estimate_unavailable_when_costs_missing" time="0.000" /><testcase classname="tests.backend_test" name="test_reduce_to_draft_basic_and_idempotent" time="0.581" /><testcase classname="tests.backend_test" name="test_reduce_to_draft_404_unknown_scene" time="0.067" /><testcase classname="tests.backend_test" name="test_segment_continuity_prompt_update" time="0.410" /><testcase classname="tests.backend_test" name="test_scene_reorder_success" time="0.374" /><testcase classname="tests.backend_test" name="test_scene_reorder_rejects_foreign_or_partial" time="0.645" /><testcase classname="tests.backend_test" name="test_segment_reorder_success_recomputes_start_second" time="0.362" /><testcase classname="tests.backend_test" name="test_segment_reorder_rejects_foreign" time="0.410" /><testcase classname="tests.backend_test" name="test_existing_expand_and_costs_still_work_after_reorder" time="1.221" /></testsuite></testsuites>