<?xml version="1.0" encoding="utf-8"?><testsuites name="pytest tests"><testsuite name="pytest" errors="0" failures="0" skipped="0" tests="116" time="24.588" timestamp="2026-05-15T06:00:45.364919+00:00" hostname="agent-env-3e255b7b-6f5c-49ed-b7c8-66727e96a9b3"><testcase classname="tests.backend_test" name="test_root" time="0.163" /><testcase classname="tests.backend_test" name="test_meta_options" time="0.043" /><testcase classname="tests.backend_test" name="test_me" time="0.044" /><testcase classname="tests.backend_test" name="test_list_projects_contains_created" time="0.096" /><testcase classname="tests.backend_test" name="test_get_project" time="0.045" /><testcase classname="tests.backend_test" name="test_update_project" time="0.047" /><testcase classname="tests.backend_test" name="test_rewrite" time="0.047" /><testcase classname="tests.backend_test" name="test_split_scenes" time="0.047" /><testcase classname="tests.backend_test" name="test_character_crud" time="0.129" /><testcase classname="tests.backend_test" name="test_update_scene" time="0.097" /><testcase classname="tests.backend_test" name="test_create_scene" time="0.048" /><testcase classname="tests.backend_test" name="test_generate_image" time="0.048" /><testcase classname="tests.backend_test" name="test_create_segment_and_expand" time="0.190" /><testcase classname="tests.backend_test" name="test_expand_chain_links_parents" time="0.290" /><testcase classname="tests.backend_test" name="test_cost_estimate" time="0.046" /><testcase classname="tests.backend_test" name="test_cost_estimate_includes_music_and_export" time="0.041" /><testcase classname="tests.backend_test" name="test_meta_options_costs_complete" time="0.043" /><testcase classname="tests.backend_test" name="test_project_cost_estimate" time="0.044" /><testcase classname="tests.backend_test" name="test_export" time="0.144" /><testcase classname="tests.backend_test" name="test_admin_endpoints" time="0.297" /><testcase classname="tests.backend_test" name="test_provider_options" time="0.045" /><testcase classname="tests.backend_test" name="test_provider_settings_get_and_update" time="0.092" /><testcase classname="tests.backend_test" name="test_provider_settings_rejects_unknown_provider" time="0.079" /><testcase classname="tests.backend_test" name="test_provider_test_connection_is_mocked" time="0.043" /><testcase classname="tests.backend_test" name="test_feature_flags_all_false" time="0.042" /><testcase classname="tests.backend_test" name="test_project_creation_has_override_fields" time="0.089" /><testcase classname="tests.backend_test" name="test_get_project_providers_defaults_to_global" time="0.048" /><testcase classname="tests.backend_test" name="test_project_provider_override_round_trip" time="0.138" /><testcase classname="tests.backend_test" name="test_project_provider_rejects_unknown" time="0.044" /><testcase classname="tests.backend_test" name="test_project_provider_test_endpoint_is_mocked" time="0.044" /><testcase classname="tests.backend_test" name="test_existing_routes_still_work_with_override" time="0.461" /><testcase classname="tests.backend_test" name="test_effective_resolution_per_modality" time="0.493" /><testcase classname="tests.backend_test" name="test_voice_resolution_priority" time="0.475" /><testcase classname="tests.backend_test" name="test_character_create_accepts_voice_fields" time="0.092" /><testcase classname="tests.backend_test" name="test_character_voice_provider_validated" time="0.132" /><testcase classname="tests.backend_test" name="test_scene_costs_basic_and_multi_segment" time="0.368" /><testcase classname="tests.backend_test" name="test_scene_costs_matches_spec_example" time="0.000" /><testcase classname="tests.backend_test" name="test_voice_resolution_remains_after_scene_cost_calls" time="0.215" /><testcase classname="tests.backend_test" name="test_scene_costs_grand_total_updates_after_expand" time="0.357" /><testcase classname="tests.backend_test" name="test_scene_costs_404_for_unknown_project" time="0.043" /><testcase classname="tests.backend_test" name="test_studio_config_endpoint" time="0.041" /><testcase classname="tests.backend_test" name="test_scene_costs_includes_wallet_pct_and_state" time="0.267" /><testcase classname="tests.backend_test" name="test_wallet_state_thresholds" time="0.375" /><testcase classname="tests.backend_test" name="test_high_cost_scene_flag_with_configurable_threshold" time="0.571" /><testcase classname="tests.backend_test" name="test_scene_costs_404_still_works_for_wallet" time="0.044" /><testcase classname="tests.backend_test" name="test_list_projects_includes_cost_summary" time="0.240" /><testcase classname="tests.backend_test" name="test_dashboard_summary_handles_insufficient_state" time="1.753" /><testcase classname="tests.backend_test" name="test_trend_increase_on_expand" time="0.386" /><testcase classname="tests.backend_test" name="test_trend_decrease_on_segment_delete" time="0.397" /><testcase classname="tests.backend_test" name="test_trend_decrease_on_scene_delete" time="0.368" /><testcase classname="tests.backend_test" name="test_dashboard_estimate_unavailable_when_costs_missing" time="0.000" /><testcase classname="tests.backend_test" name="test_reduce_to_draft_basic_and_idempotent" time="0.505" /><testcase classname="tests.backend_test" name="test_reduce_to_draft_404_unknown_scene" time="0.044" /><testcase classname="tests.backend_test" name="test_segment_continuity_prompt_update" time="0.362" /><testcase classname="tests.backend_test" name="test_scene_reorder_success" time="0.359" /><testcase classname="tests.backend_test" name="test_scene_reorder_rejects_foreign_or_partial" time="0.612" /><testcase classname="tests.backend_test" name="test_segment_reorder_success_recomputes_start_second" time="0.321" /><testcase classname="tests.backend_test" name="test_segment_reorder_rejects_foreign" time="0.365" /><testcase classname="tests.backend_test" name="test_existing_expand_and_costs_still_work_after_reorder" time="0.766" /><testcase classname="tests.backend_test" name="test_delete_project_is_soft_delete" time="0.798" /><testcase classname="tests.backend_test" name="test_restore_project_brings_it_back" time="0.612" /><testcase classname="tests.backend_test" name="test_restore_unknown_project_returns_404" time="0.046" /><testcase classname="tests.backend_test" name="test_delete_unknown_project_is_safe" time="0.040" /><testcase classname="tests.backend_test" name="test_delete_does_not_touch_other_projects" time="1.247" /><testcase classname="tests.backend_test" name="test_purge_removes_expired_projects_and_their_children" time="0.491" /><testcase classname="tests.backend_test" name="test_purge_does_not_touch_active_or_non_expired_projects" time="0.959" /><testcase classname="tests.backend_test" name="test_delete_then_restore_is_idempotent" time="0.618" /><testcase classname="tests.backend_test" name="test_unified_providers_test_returns_mock_response" time="0.051" /><testcase classname="tests.backend_test" name="test_unified_providers_test_with_project_uses_resolved" time="0.180" /><testcase classname="tests.backend_test" name="test_unified_providers_test_404_for_unknown_project" time="0.044" /><testcase classname="tests.backend_test" name="test_provider_status_endpoint_global" time="0.056" /><testcase classname="tests.backend_test" name="test_provider_status_endpoint_rejects_unknown_modality" time="0.043" /><testcase classname="tests.backend_test" name="test_existing_image_generation_still_works_with_guard" time="0.097" /><testcase classname="tests.backend_test" name="test_provider_activity_endpoint_shape" time="0.047" /><testcase classname="tests.backend_test" name="test_provider_activity_records_created_for_rewrite_image_video" time="0.372" /><testcase classname="tests.backend_test" name="test_provider_activity_no_api_keys_anywhere" time="0.061" /><testcase classname="tests.backend_test" name="test_provider_activity_limit_capping" time="0.059" /><testcase classname="tests.backend_test" name="test_provider_health_all_modalities_listed" time="0.055" /><testcase classname="tests.backend_test" name="test_provider_health_no_activity_status" time="0.080" /><testcase classname="tests.backend_test" name="test_provider_health_healthy_status" time="0.061" /><testcase classname="tests.backend_test" name="test_provider_health_slow_status" time="0.056" /><testcase classname="tests.backend_test" name="test_provider_health_failing_status" time="0.060" /><testcase classname="tests.backend_test" name="test_provider_health_no_secrets_in_response" time="0.059" /><testcase classname="tests.backend_test" name="test_story_quality_scores_populated_after_rewrite" time="0.177" /><testcase classname="tests.backend_test" name="test_improve_story_endpoint_updates_story_and_scores" time="0.325" /><testcase classname="tests.backend_test" name="test_improve_story_unknown_kind_rejected" time="0.228" /><testcase classname="tests.backend_test" name="test_scenes_have_tension_fields_after_split" time="0.231" /><testcase classname="tests.backend_test" name="test_enhance_image_and_video_prompt" time="0.329" /><testcase classname="tests.backend_test" name="test_improve_scene_drama_and_dialogue" time="0.320" /><testcase classname="tests.backend_test" name="test_creative_hints_endpoint" time="0.042" /><testcase classname="tests.backend_test" name="test_existing_rewrite_split_generate_expand_export_still_work" time="0.424" /><testcase classname="tests.backend_test" name="test_provider_activity_remains_mock_when_flag_off_after_quality_work" time="0.400" /><testcase classname="tests.test_phase2b_llm" name="test_real_llm_blocked_when_flag_off" time="2.608" /><testcase classname="tests.test_phase2b_llm" name="test_real_llm_blocked_when_key_missing" time="0.001" /><testcase classname="tests.test_phase2b_llm" name="test_real_llm_fallback_when_real_raises" time="0.001" /><testcase classname="tests.test_phase2b_llm" name="test_non_llm_modalities_never_run_real_even_with_flag_on[image-USE_REAL_IMAGE_PROVIDER]" time="0.001" /><testcase classname="tests.test_phase2b_llm" name="test_non_llm_modalities_never_run_real_even_with_flag_on[video-USE_REAL_VIDEO_PROVIDER]" time="0.001" /><testcase classname="tests.test_phase2b_llm" name="test_non_llm_modalities_never_run_real_even_with_flag_on[voice-USE_REAL_VOICE_PROVIDER]" time="0.000" /><testcase classname="tests.test_phase2b_llm" name="test_non_llm_modalities_never_run_real_even_with_flag_on[music-USE_REAL_MUSIC_PROVIDER]" time="0.000" /><testcase classname="tests.test_phase2b_llm" name="test_non_llm_modalities_never_run_real_even_with_flag_on[export-USE_REAL_EXPORT_PROVIDER]" time="0.000" /><testcase classname="tests.test_phase2b_llm" name="test_provider_status_llm_is_real_capable" time="0.000" /><testcase classname="tests.test_provider_layer" name="test_resolver_global_fallback_when_no_override" time="0.000" /><testcase classname="tests.test_provider_layer" name="test_resolver_project_override_beats_global" time="0.000" /><testcase classname="tests.test_provider_layer" name="test_resolver_global_fallback_when_override_on_but_project_empty" time="0.000" /><testcase classname="tests.test_provider_layer" name="test_resolver_hard_fallback_when_nothing_configured" time="0.000" /><testcase classname="tests.test_provider_layer" name="test_resolver_rejects_unknown_modality" time="0.000" /><testcase classname="tests.test_provider_layer" name="test_voice_resolver_character_override_beats_project_and_global" time="0.001" /><testcase classname="tests.test_provider_layer" name="test_voice_resolver_falls_through_to_project_when_no_character_override" time="0.000" /><testcase classname="tests.test_provider_layer" name="test_voice_resolver_falls_through_to_global_when_neither" time="0.000" /><testcase classname="tests.test_provider_layer" name="test_executor_runs_mock_when_flag_off" time="0.000" /><testcase classname="tests.test_provider_layer" name="test_executor_blocks_when_flag_on_but_no_key" time="0.001" /><testcase classname="tests.test_provider_layer" name="test_executor_estimated_credits_is_respected" time="0.000" /><testcase classname="tests.test_provider_layer" name="test_executor_uses_resolved_voice_for_voice_modality" time="0.000" /><testcase classname="tests.test_provider_layer" name="test_run_modality_test_returns_mock_response" time="0.001" /><testcase classname="tests.test_provider_layer" name="test_provider_status_snapshot" time="0.000" /><testcase classname="tests.test_provider_layer" name="test_provider_status_rejects_unknown_modality" time="0.048" /></testsuite></testsuites>