<?xml version="1.0" encoding="utf-8"?><testsuites name="pytest tests"><testsuite name="pytest" errors="0" failures="0" skipped="0" tests="102" time="21.778" timestamp="2026-05-15T04:31:34.045128+00:00" hostname="agent-env-3e255b7b-6f5c-49ed-b7c8-66727e96a9b3"><testcase classname="tests.backend_test" name="test_root" time="0.185" /><testcase classname="tests.backend_test" name="test_meta_options" time="0.057" /><testcase classname="tests.backend_test" name="test_me" time="0.056" /><testcase classname="tests.backend_test" name="test_list_projects_contains_created" time="0.116" /><testcase classname="tests.backend_test" name="test_get_project" time="0.053" /><testcase classname="tests.backend_test" name="test_update_project" time="0.051" /><testcase classname="tests.backend_test" name="test_rewrite" time="0.057" /><testcase classname="tests.backend_test" name="test_split_scenes" time="0.054" /><testcase classname="tests.backend_test" name="test_character_crud" time="0.158" /><testcase classname="tests.backend_test" name="test_update_scene" time="0.109" /><testcase classname="tests.backend_test" name="test_create_scene" time="0.052" /><testcase classname="tests.backend_test" name="test_generate_image" time="0.057" /><testcase classname="tests.backend_test" name="test_create_segment_and_expand" time="0.212" /><testcase classname="tests.backend_test" name="test_expand_chain_links_parents" time="0.328" /><testcase classname="tests.backend_test" name="test_cost_estimate" time="0.047" /><testcase classname="tests.backend_test" name="test_cost_estimate_includes_music_and_export" time="0.049" /><testcase classname="tests.backend_test" name="test_meta_options_costs_complete" time="0.048" /><testcase classname="tests.backend_test" name="test_project_cost_estimate" time="0.051" /><testcase classname="tests.backend_test" name="test_export" time="0.197" /><testcase classname="tests.backend_test" name="test_admin_endpoints" time="0.355" /><testcase classname="tests.backend_test" name="test_provider_options" time="0.050" /><testcase classname="tests.backend_test" name="test_provider_settings_get_and_update" time="0.096" /><testcase classname="tests.backend_test" name="test_provider_settings_rejects_unknown_provider" time="0.045" /><testcase classname="tests.backend_test" name="test_provider_test_connection_is_mocked" time="0.049" /><testcase classname="tests.backend_test" name="test_feature_flags_all_false" time="0.049" /><testcase classname="tests.backend_test" name="test_project_creation_has_override_fields" time="0.101" /><testcase classname="tests.backend_test" name="test_get_project_providers_defaults_to_global" time="0.050" /><testcase classname="tests.backend_test" name="test_project_provider_override_round_trip" time="0.425" /><testcase classname="tests.backend_test" name="test_project_provider_rejects_unknown" time="0.047" /><testcase classname="tests.backend_test" name="test_project_provider_test_endpoint_is_mocked" time="0.050" /><testcase classname="tests.backend_test" name="test_existing_routes_still_work_with_override" time="0.511" /><testcase classname="tests.backend_test" name="test_effective_resolution_per_modality" time="0.546" /><testcase classname="tests.backend_test" name="test_voice_resolution_priority" time="0.519" /><testcase classname="tests.backend_test" name="test_character_create_accepts_voice_fields" time="0.101" /><testcase classname="tests.backend_test" name="test_character_voice_provider_validated" time="0.156" /><testcase classname="tests.backend_test" name="test_scene_costs_basic_and_multi_segment" time="0.353" /><testcase classname="tests.backend_test" name="test_scene_costs_matches_spec_example" time="0.000" /><testcase classname="tests.backend_test" name="test_voice_resolution_remains_after_scene_cost_calls" time="0.262" /><testcase classname="tests.backend_test" name="test_scene_costs_grand_total_updates_after_expand" time="0.424" /><testcase classname="tests.backend_test" name="test_scene_costs_404_for_unknown_project" time="0.057" /><testcase classname="tests.backend_test" name="test_studio_config_endpoint" time="0.049" /><testcase classname="tests.backend_test" name="test_scene_costs_includes_wallet_pct_and_state" time="0.469" /><testcase classname="tests.backend_test" name="test_wallet_state_thresholds" time="0.488" /><testcase classname="tests.backend_test" name="test_high_cost_scene_flag_with_configurable_threshold" time="0.655" /><testcase classname="tests.backend_test" name="test_scene_costs_404_still_works_for_wallet" time="0.052" /><testcase classname="tests.backend_test" name="test_list_projects_includes_cost_summary" time="0.268" /><testcase classname="tests.backend_test" name="test_dashboard_summary_handles_insufficient_state" time="1.839" /><testcase classname="tests.backend_test" name="test_trend_increase_on_expand" time="0.414" /><testcase classname="tests.backend_test" name="test_trend_decrease_on_segment_delete" time="0.434" /><testcase classname="tests.backend_test" name="test_trend_decrease_on_scene_delete" time="0.426" /><testcase classname="tests.backend_test" name="test_dashboard_estimate_unavailable_when_costs_missing" time="0.000" /><testcase classname="tests.backend_test" name="test_reduce_to_draft_basic_and_idempotent" time="0.634" /><testcase classname="tests.backend_test" name="test_reduce_to_draft_404_unknown_scene" time="0.053" /><testcase classname="tests.backend_test" name="test_segment_continuity_prompt_update" time="0.406" /><testcase classname="tests.backend_test" name="test_scene_reorder_success" time="0.392" /><testcase classname="tests.backend_test" name="test_scene_reorder_rejects_foreign_or_partial" time="0.648" /><testcase classname="tests.backend_test" name="test_segment_reorder_success_recomputes_start_second" time="0.376" /><testcase classname="tests.backend_test" name="test_segment_reorder_rejects_foreign" time="0.420" /><testcase classname="tests.backend_test" name="test_existing_expand_and_costs_still_work_after_reorder" time="0.478" /><testcase classname="tests.backend_test" name="test_delete_project_cascades_scenes_characters_segments" time="0.586" /><testcase classname="tests.backend_test" name="test_delete_project_does_not_touch_other_projects" time="1.424" /><testcase classname="tests.backend_test" name="test_delete_unknown_project_is_safe" time="0.051" /><testcase classname="tests.backend_test" name="test_unified_providers_test_returns_mock_response" time="0.050" /><testcase classname="tests.backend_test" name="test_unified_providers_test_with_project_uses_resolved" time="0.228" /><testcase classname="tests.backend_test" name="test_unified_providers_test_404_for_unknown_project" time="0.052" /><testcase classname="tests.backend_test" name="test_provider_status_endpoint_global" time="0.051" /><testcase classname="tests.backend_test" name="test_provider_status_endpoint_rejects_unknown_modality" time="0.049" /><testcase classname="tests.backend_test" name="test_existing_image_generation_still_works_with_guard" time="0.111" /><testcase classname="tests.backend_test" name="test_provider_activity_endpoint_shape" time="0.055" /><testcase classname="tests.backend_test" name="test_provider_activity_records_created_for_rewrite_image_video" time="0.432" /><testcase classname="tests.backend_test" name="test_provider_activity_no_api_keys_anywhere" time="0.070" /><testcase classname="tests.backend_test" name="test_provider_activity_limit_capping" time="0.080" /><testcase classname="tests.backend_test" name="test_provider_health_all_modalities_listed" time="0.160" /><testcase classname="tests.backend_test" name="test_provider_health_no_activity_status" time="0.057" /><testcase classname="tests.backend_test" name="test_provider_health_healthy_status" time="0.059" /><testcase classname="tests.backend_test" name="test_provider_health_slow_status" time="0.059" /><testcase classname="tests.backend_test" name="test_provider_health_failing_status" time="0.059" /><testcase classname="tests.backend_test" name="test_provider_health_no_secrets_in_response" time="0.056" /><testcase classname="tests.backend_test" name="test_story_quality_scores_populated_after_rewrite" time="0.199" /><testcase classname="tests.backend_test" name="test_improve_story_endpoint_updates_story_and_scores" time="0.380" /><testcase classname="tests.backend_test" name="test_improve_story_unknown_kind_rejected" time="0.274" /><testcase classname="tests.backend_test" name="test_scenes_have_tension_fields_after_split" time="0.255" /><testcase classname="tests.backend_test" name="test_enhance_image_and_video_prompt" time="0.373" /><testcase classname="tests.backend_test" name="test_improve_scene_drama_and_dialogue" time="0.373" /><testcase classname="tests.backend_test" name="test_creative_hints_endpoint" time="0.051" /><testcase classname="tests.backend_test" name="test_existing_rewrite_split_generate_expand_export_still_work" time="0.468" /><testcase classname="tests.backend_test" name="test_provider_activity_remains_mock_after_quality_work" time="0.855" /><testcase classname="tests.test_provider_layer" name="test_resolver_global_fallback_when_no_override" time="0.000" /><testcase classname="tests.test_provider_layer" name="test_resolver_project_override_beats_global" time="0.000" /><testcase classname="tests.test_provider_layer" name="test_resolver_global_fallback_when_override_on_but_project_empty" time="0.000" /><testcase classname="tests.test_provider_layer" name="test_resolver_hard_fallback_when_nothing_configured" time="0.000" /><testcase classname="tests.test_provider_layer" name="test_resolver_rejects_unknown_modality" time="0.000" /><testcase classname="tests.test_provider_layer" name="test_voice_resolver_character_override_beats_project_and_global" time="0.000" /><testcase classname="tests.test_provider_layer" name="test_voice_resolver_falls_through_to_project_when_no_character_override" time="0.000" /><testcase classname="tests.test_provider_layer" name="test_voice_resolver_falls_through_to_global_when_neither" time="0.000" /><testcase classname="tests.test_provider_layer" name="test_executor_runs_mock_when_flag_off" time="0.001" /><testcase classname="tests.test_provider_layer" name="test_executor_blocks_when_flag_on_but_no_key" time="0.000" /><testcase classname="tests.test_provider_layer" name="test_executor_estimated_credits_is_respected" time="0.000" /><testcase classname="tests.test_provider_layer" name="test_executor_uses_resolved_voice_for_voice_modality" time="0.000" /><testcase classname="tests.test_provider_layer" name="test_run_modality_test_returns_mock_response" time="0.000" /><testcase classname="tests.test_provider_layer" name="test_provider_status_snapshot" time="0.000" /><testcase classname="tests.test_provider_layer" name="test_provider_status_rejects_unknown_modality" time="0.053" /></testsuite></testsuites>