<?xml version="1.0" encoding="utf-8"?><testsuites name="pytest tests"><testsuite name="pytest" errors="0" failures="0" skipped="0" tests="83" time="17.588" timestamp="2026-05-15T03:42:35.980017+00:00" hostname="agent-env-3e255b7b-6f5c-49ed-b7c8-66727e96a9b3"><testcase classname="tests.backend_test" name="test_root" time="0.252" /><testcase classname="tests.backend_test" name="test_meta_options" time="0.051" /><testcase classname="tests.backend_test" name="test_me" time="0.058" /><testcase classname="tests.backend_test" name="test_list_projects_contains_created" time="0.120" /><testcase classname="tests.backend_test" name="test_get_project" time="0.055" /><testcase classname="tests.backend_test" name="test_update_project" time="0.055" /><testcase classname="tests.backend_test" name="test_rewrite" time="0.067" /><testcase classname="tests.backend_test" name="test_split_scenes" time="0.057" /><testcase classname="tests.backend_test" name="test_character_crud" time="0.149" /><testcase classname="tests.backend_test" name="test_update_scene" time="0.107" /><testcase classname="tests.backend_test" name="test_create_scene" time="0.055" /><testcase classname="tests.backend_test" name="test_generate_image" time="0.053" /><testcase classname="tests.backend_test" name="test_create_segment_and_expand" time="0.227" /><testcase classname="tests.backend_test" name="test_expand_chain_links_parents" time="0.324" /><testcase classname="tests.backend_test" name="test_cost_estimate" time="0.061" /><testcase classname="tests.backend_test" name="test_cost_estimate_includes_music_and_export" time="0.053" /><testcase classname="tests.backend_test" name="test_meta_options_costs_complete" time="0.047" /><testcase classname="tests.backend_test" name="test_project_cost_estimate" time="0.054" /><testcase classname="tests.backend_test" name="test_export" time="0.516" /><testcase classname="tests.backend_test" name="test_admin_endpoints" time="0.335" /><testcase classname="tests.backend_test" name="test_provider_options" time="0.052" /><testcase classname="tests.backend_test" name="test_provider_settings_get_and_update" time="0.096" /><testcase classname="tests.backend_test" name="test_provider_settings_rejects_unknown_provider" time="0.048" /><testcase classname="tests.backend_test" name="test_provider_test_connection_is_mocked" time="0.050" /><testcase classname="tests.backend_test" name="test_feature_flags_all_false" time="0.061" /><testcase classname="tests.backend_test" name="test_project_creation_has_override_fields" time="0.108" /><testcase classname="tests.backend_test" name="test_get_project_providers_defaults_to_global" time="0.054" /><testcase classname="tests.backend_test" name="test_project_provider_override_round_trip" time="0.152" /><testcase classname="tests.backend_test" name="test_project_provider_rejects_unknown" time="0.047" /><testcase classname="tests.backend_test" name="test_project_provider_test_endpoint_is_mocked" time="0.061" /><testcase classname="tests.backend_test" name="test_existing_routes_still_work_with_override" time="0.535" /><testcase classname="tests.backend_test" name="test_effective_resolution_per_modality" time="0.583" /><testcase classname="tests.backend_test" name="test_voice_resolution_priority" time="0.576" /><testcase classname="tests.backend_test" name="test_character_create_accepts_voice_fields" time="0.096" /><testcase classname="tests.backend_test" name="test_character_voice_provider_validated" time="0.156" /><testcase classname="tests.backend_test" name="test_scene_costs_basic_and_multi_segment" time="0.356" /><testcase classname="tests.backend_test" name="test_scene_costs_matches_spec_example" time="0.000" /><testcase classname="tests.backend_test" name="test_voice_resolution_remains_after_scene_cost_calls" time="0.248" /><testcase classname="tests.backend_test" name="test_scene_costs_grand_total_updates_after_expand" time="0.753" /><testcase classname="tests.backend_test" name="test_scene_costs_404_for_unknown_project" time="0.047" /><testcase classname="tests.backend_test" name="test_studio_config_endpoint" time="0.047" /><testcase classname="tests.backend_test" name="test_scene_costs_includes_wallet_pct_and_state" time="0.270" /><testcase classname="tests.backend_test" name="test_wallet_state_thresholds" time="0.412" /><testcase classname="tests.backend_test" name="test_high_cost_scene_flag_with_configurable_threshold" time="0.630" /><testcase classname="tests.backend_test" name="test_scene_costs_404_still_works_for_wallet" time="0.048" /><testcase classname="tests.backend_test" name="test_list_projects_includes_cost_summary" time="0.259" /><testcase classname="tests.backend_test" name="test_dashboard_summary_handles_insufficient_state" time="1.512" /><testcase classname="tests.backend_test" name="test_trend_increase_on_expand" time="0.415" /><testcase classname="tests.backend_test" name="test_trend_decrease_on_segment_delete" time="0.406" /><testcase classname="tests.backend_test" name="test_trend_decrease_on_scene_delete" time="0.416" /><testcase classname="tests.backend_test" name="test_dashboard_estimate_unavailable_when_costs_missing" time="0.000" /><testcase classname="tests.backend_test" name="test_reduce_to_draft_basic_and_idempotent" time="1.286" /><testcase classname="tests.backend_test" name="test_reduce_to_draft_404_unknown_scene" time="0.047" /><testcase classname="tests.backend_test" name="test_segment_continuity_prompt_update" time="0.410" /><testcase classname="tests.backend_test" name="test_scene_reorder_success" time="0.390" /><testcase classname="tests.backend_test" name="test_scene_reorder_rejects_foreign_or_partial" time="0.633" /><testcase classname="tests.backend_test" name="test_segment_reorder_success_recomputes_start_second" time="0.374" /><testcase classname="tests.backend_test" name="test_segment_reorder_rejects_foreign" time="0.419" /><testcase classname="tests.backend_test" name="test_existing_expand_and_costs_still_work_after_reorder" time="0.484" /><testcase classname="tests.backend_test" name="test_delete_project_cascades_scenes_characters_segments" time="0.574" /><testcase classname="tests.backend_test" name="test_delete_project_does_not_touch_other_projects" time="1.047" /><testcase classname="tests.backend_test" name="test_delete_unknown_project_is_safe" time="0.051" /><testcase classname="tests.backend_test" name="test_unified_providers_test_returns_mock_response" time="0.050" /><testcase classname="tests.backend_test" name="test_unified_providers_test_with_project_uses_resolved" time="0.204" /><testcase classname="tests.backend_test" name="test_unified_providers_test_404_for_unknown_project" time="0.050" /><testcase classname="tests.backend_test" name="test_provider_status_endpoint_global" time="0.054" /><testcase classname="tests.backend_test" name="test_provider_status_endpoint_rejects_unknown_modality" time="0.053" /><testcase classname="tests.backend_test" name="test_existing_image_generation_still_works_with_guard" time="0.110" /><testcase classname="tests.test_provider_layer" name="test_resolver_global_fallback_when_no_override" time="0.000" /><testcase classname="tests.test_provider_layer" name="test_resolver_project_override_beats_global" time="0.000" /><testcase classname="tests.test_provider_layer" name="test_resolver_global_fallback_when_override_on_but_project_empty" time="0.000" /><testcase classname="tests.test_provider_layer" name="test_resolver_hard_fallback_when_nothing_configured" time="0.000" /><testcase classname="tests.test_provider_layer" name="test_resolver_rejects_unknown_modality" time="0.000" /><testcase classname="tests.test_provider_layer" name="test_voice_resolver_character_override_beats_project_and_global" time="0.000" /><testcase classname="tests.test_provider_layer" name="test_voice_resolver_falls_through_to_project_when_no_character_override" time="0.000" /><testcase classname="tests.test_provider_layer" name="test_voice_resolver_falls_through_to_global_when_neither" time="0.000" /><testcase classname="tests.test_provider_layer" name="test_executor_runs_mock_when_flag_off" time="0.001" /><testcase classname="tests.test_provider_layer" name="test_executor_blocks_when_flag_on_but_no_key" time="0.000" /><testcase classname="tests.test_provider_layer" name="test_executor_estimated_credits_is_respected" time="0.000" /><testcase classname="tests.test_provider_layer" name="test_executor_uses_resolved_voice_for_voice_modality" time="0.000" /><testcase classname="tests.test_provider_layer" name="test_run_modality_test_returns_mock_response" time="0.000" /><testcase classname="tests.test_provider_layer" name="test_provider_status_snapshot" time="0.000" /><testcase classname="tests.test_provider_layer" name="test_provider_status_rejects_unknown_modality" time="0.052" /></testsuite></testsuites>