<?xml version="1.0" encoding="utf-8"?><testsuites name="pytest tests"><testsuite name="pytest" errors="0" failures="0" skipped="0" tests="17" time="1.880" timestamp="2026-05-15T00:06:35.654848+00:00" hostname="agent-env-3e255b7b-6f5c-49ed-b7c8-66727e96a9b3"><testcase classname="backend.tests.backend_test" name="test_root" time="0.205" /><testcase classname="backend.tests.backend_test" name="test_meta_options" time="0.051" /><testcase classname="backend.tests.backend_test" name="test_me" time="0.055" /><testcase classname="backend.tests.backend_test" name="test_list_projects_contains_created" time="0.111" /><testcase classname="backend.tests.backend_test" name="test_get_project" time="0.051" /><testcase classname="backend.tests.backend_test" name="test_update_project" time="0.051" /><testcase classname="backend.tests.backend_test" name="test_rewrite" time="0.052" /><testcase classname="backend.tests.backend_test" name="test_split_scenes" time="0.047" /><testcase classname="backend.tests.backend_test" name="test_character_crud" time="0.150" /><testcase classname="backend.tests.backend_test" name="test_update_scene" time="0.099" /><testcase classname="backend.tests.backend_test" name="test_create_scene" time="0.049" /><testcase classname="backend.tests.backend_test" name="test_generate_image" time="0.046" /><testcase classname="backend.tests.backend_test" name="test_create_segment_and_expand" time="0.185" /><testcase classname="backend.tests.backend_test" name="test_cost_estimate" time="0.045" /><testcase classname="backend.tests.backend_test" name="test_project_cost_estimate" time="0.050" /><testcase classname="backend.tests.backend_test" name="test_export" time="0.156" /><testcase classname="backend.tests.backend_test" name="test_admin_endpoints" time="0.334" /></testsuite></testsuites>